<?xml version="1.0" encoding="UTF-8"?>
<testng-results skipped="0" failed="0" total="1" passed="1">
  <reporter-output>
  </reporter-output>
  <suite name="suite" duration-ms="3760" started-at="2017-01-16T03:05:16Z" finished-at="2017-01-16T03:05:20Z">
    <groups>
    </groups>
    <test name="Test" duration-ms="3760" started-at="2017-01-16T03:05:16Z" finished-at="2017-01-16T03:05:20Z">
      <class name="br.com.caelum.leilao.test.UsuariosWSTest">
        <test-method status="PASS" signature="deveRetornarListaDeUsuarios()[pri:0, instance:br.com.caelum.leilao.test.UsuariosWSTest@36d4b5c]" name="deveRetornarListaDeUsuarios" duration-ms="3728" started-at="2017-01-16T01:05:16Z" finished-at="2017-01-16T01:05:20Z">
          <reporter-output>
          </reporter-output>
        </test-method> <!-- deveRetornarListaDeUsuarios -->
      </class> <!-- br.com.caelum.leilao.test.UsuariosWSTest -->
    </test> <!-- Test -->
  </suite> <!-- suite -->
</testng-results>
